<?xml version="1.0" encoding="UTF-8"?>
<!-- Generated by org.testng.reporters.JUnitXMLReporter -->
<testsuite ignored="0" hostname="Mayankas-MacBook-Air.local" failures="0" tests="3" name="Purchase Product" time="163.428" errors="0" timestamp="2024-06-23T19:52:14 IST">
  <testcase classname="com.qa.test.StandAloneTestForBaseTest" name="purchaseCloth" time="42.631"/>
  <testcase classname="com.qa.test.StandAloneTestForBaseTest" name="purchaseCloth" time="26.029"/>
  <testcase classname="com.qa.test.StandAloneTestForBaseTest" name="validateOrderHistory" time="10.649"/>
</testsuite> <!-- Purchase Product -->
